Copyright 1986-2020 Xilinx, Inc. All Rights Reserved.
------------------------------------------------------------------------------------
| Tool Version : Vivado v.2020.2 (win64) Build 3064766 Wed Nov 18 09:12:45 MST 2020
| Date         : Thu Jan  4 14:00:30 2024
| Host         : LAPTOP-SPD6746K running 64-bit major release  (build 9200)
| Command      : report_control_sets -verbose -file neuron_control_sets_placed.rpt
| Design       : neuron
| Device       : xc7z020
------------------------------------------------------------------------------------

Control Set Information

Table of Contents
-----------------
1. Summary
2. Histogram
3. Flip-Flop Distribution
4. Detailed Control Set Information

1. Summary
----------

+----------------------------------------------------------+-------+
|                          Status                          | Count |
+----------------------------------------------------------+-------+
| Total control sets                                       |     4 |
|    Minimum number of control sets                        |     4 |
|    Addition due to synthesis replication                 |     0 |
|    Addition due to physical synthesis replication        |     0 |
| Unused register locations in slices containing registers |     6 |
+----------------------------------------------------------+-------+
* Control sets can be merged at opt_design using control_set_merge or merge_equivalent_drivers
** Run report_qor_suggestions for automated merging and remapping suggestions


2. Histogram
------------

+--------------------+-------+
|       Fanout       | Count |
+--------------------+-------+
| Total control sets |     4 |
| >= 0 to < 4        |     0 |
| >= 4 to < 6        |     0 |
| >= 6 to < 8        |     1 |
| >= 8 to < 10       |     0 |
| >= 10 to < 12      |     1 |
| >= 12 to < 14      |     0 |
| >= 14 to < 16      |     0 |
| >= 16              |     2 |
+--------------------+-------+
* Control sets can be remapped at either synth_design or opt_design


3. Flip-Flop Distribution
-------------------------

+--------------+-----------------------+------------------------+-----------------+--------------+
| Clock Enable | Synchronous Set/Reset | Asynchronous Set/Reset | Total Registers | Total Slices |
+--------------+-----------------------+------------------------+-----------------+--------------+
| No           | No                    | No                     |               7 |            3 |
| No           | No                    | Yes                    |               0 |            0 |
| No           | Yes                   | No                     |              16 |            7 |
| Yes          | No                    | No                     |               0 |            0 |
| Yes          | No                    | Yes                    |               0 |            0 |
| Yes          | Yes                   | No                     |              43 |           18 |
+--------------+-----------------------+------------------------+-----------------+--------------+


4. Detailed Control Set Information
-----------------------------------

+----------------+-------------------+-----------------------------+------------------+----------------+--------------+
|  Clock Signal  |   Enable Signal   |       Set/Reset Signal      | Slice Load Count | Bel Load Count | Bels / Slice |
+----------------+-------------------+-----------------------------+------------------+----------------+--------------+
|  clk_IBUF_BUFG |                   |                             |                3 |              7 |         2.33 |
|  clk_IBUF_BUFG | myinputValid_IBUF | comboAdd_i_2_n_0            |                4 |             11 |         2.75 |
|  clk_IBUF_BUFG |                   | ReLUinst.s1/out[15]_i_1_n_0 |                7 |             16 |         2.29 |
|  clk_IBUF_BUFG | comboAdd_i_1_n_0  | comboAdd_i_2_n_0            |               14 |             32 |         2.29 |
+----------------+-------------------+-----------------------------+------------------+----------------+--------------+


